# JRE version: OpenJDK Runtime Environment (17.0.7) (build 17.0.7+0-b2043.56-10550314)
# Java VM: OpenJDK 64-Bit Server VM (17.0.7+0-b2043.56-10550314, mixed mode, tiered, compressed oops, compressed class ptrs, g1 gc, windows-amd64)
GC Precious Log:
 CPUs: 2 total, 2 available
 Memory: 3819M
 Large Page Support: Disabled
 NUMA Support: Disabled
 Compressed Oops: Enabled (32-bit)
 Heap Region Size: 1M
 Heap Min Capacity: 8M
 Heap Initial Capacity: 60M
 Heap Max Capacity: 956M
 Pre-touch: Disabled
 Parallel Workers: 2
 Concurrent Workers: 1
 Concurrent Refinement Workers: 2
 Periodic GC: Disabled
Heap:
 garbage-first heap   total 101376K, used 60624K [0x00000000c4400000, 0x0000000100000000)
  region size 1024K, 3 young (3072K), 3 survivors (3072K)
 Metaspace       used 79513K, committed 79936K, reserved 1179648K
  class space    used 8950K, committed 9152K, reserved 1048576K
GC Heap History (20 events):
Event: 15.645 GC heap after
{Heap after GC invocations=31 (full 0):
 garbage-first heap   total 84992K, used 43776K [0x00000000c4400000, 0x0000000100000000)
  region size 1024K, 2 young (2048K), 2 survivors (2048K)
 Metaspace       used 56454K, committed 56704K, reserved 1114112K
  class space    used 6669K, committed 6784K, reserved 1048576K
}
Event: 18.486 GC heap before
{Heap before GC invocations=32 (full 0):
 garbage-first heap   total 84992K, used 66304K [0x00000000c4400000, 0x0000000100000000)
  region size 1024K, 24 young (24576K), 2 survivors (2048K)
 Metaspace       used 58275K, committed 58560K, reserved 1114112K
  class space    used 6778K, committed 6912K, reserved 1048576K
}
Event: 18.503 GC heap after
{Heap after GC invocations=33 (full 0):
 garbage-first heap   total 84992K, used 46469K [0x00000000c4400000, 0x0000000100000000)
  region size 1024K, 3 young (3072K), 3 survivors (3072K)
 Metaspace       used 58275K, committed 58560K, reserved 1114112K
  class space    used 6778K, committed 6912K, reserved 1048576K
}
Event: 20.792 GC heap before
{Heap before GC invocations=33 (full 0):
 garbage-first heap   total 84992K, used 65925K [0x00000000c4400000, 0x0000000100000000)
  region size 1024K, 23 young (23552K), 3 survivors (3072K)
 Metaspace       used 62173K, committed 62464K, reserved 1114112K
  class space    used 7199K, committed 7360K, reserved 1048576K
}
Event: 20.812 GC heap after
{Heap after GC invocations=34 (full 0):
 garbage-first heap   total 84992K, used 48547K [0x00000000c4400000, 0x0000000100000000)
  region size 1024K, 2 young (2048K), 2 survivors (2048K)
 Metaspace       used 62173K, committed 62464K, reserved 1114112K
  class space    used 7199K, committed 7360K, reserved 1048576K
}
Event: 22.074 GC heap before
{Heap before GC invocations=35 (full 0):
 garbage-first heap   total 86016K, used 66979K [0x00000000c4400000, 0x0000000100000000)
  region size 1024K, 21 young (21504K), 2 survivors (2048K)
 Metaspace       used 65510K, committed 65792K, reserved 1114112K
  class space    used 7514K, committed 7680K, reserved 1048576K
}
Event: 22.096 GC heap after
{Heap after GC invocations=36 (full 0):
 garbage-first heap   total 86016K, used 50154K [0x00000000c4400000, 0x0000000100000000)
  region size 1024K, 2 young (2048K), 2 survivors (2048K)
 Metaspace       used 65510K, committed 65792K, reserved 1114112K
  class space    used 7514K, committed 7680K, reserved 1048576K
}
Event: 22.367 GC heap before
{Heap before GC invocations=36 (full 0):
 garbage-first heap   total 86016K, used 52202K [0x00000000c4400000, 0x0000000100000000)
  region size 1024K, 4 young (4096K), 2 survivors (2048K)
 Metaspace       used 65935K, committed 66240K, reserved 1114112K
  class space    used 7566K, committed 7744K, reserved 1048576K
}
Event: 22.440 GC heap after
{Heap after GC invocations=37 (full 0):
 garbage-first heap   total 86016K, used 50237K [0x00000000c4400000, 0x0000000100000000)
  region size 1024K, 1 young (1024K), 1 survivors (1024K)
 Metaspace       used 65935K, committed 66240K, reserved 1114112K
  class space    used 7566K, committed 7744K, reserved 1048576K
}
Event: 23.826 GC heap before
{Heap before GC invocations=37 (full 0):
 garbage-first heap   total 86016K, used 68669K [0x00000000c4400000, 0x0000000100000000)
  region size 1024K, 19 young (19456K), 1 survivors (1024K)
 Metaspace       used 67802K, committed 68096K, reserved 1114112K
  class space    used 7780K, committed 7936K, reserved 1048576K
}
Event: 23.839 GC heap after
{Heap after GC invocations=38 (full 0):
 garbage-first heap   total 86016K, used 53219K [0x00000000c4400000, 0x0000000100000000)
  region size 1024K, 3 young (3072K), 3 survivors (3072K)
 Metaspace       used 67802K, committed 68096K, reserved 1114112K
  class space    used 7780K, committed 7936K, reserved 1048576K
}
Event: 25.304 GC heap before
{Heap before GC invocations=39 (full 0):
 garbage-first heap   total 91136K, used 68579K [0x00000000c4400000, 0x0000000100000000)
  region size 1024K, 19 young (19456K), 3 survivors (3072K)
 Metaspace       used 68586K, committed 68928K, reserved 1114112K
  class space    used 7850K, committed 8000K, reserved 1048576K
}
Event: 25.321 GC heap after
{Heap after GC invocations=40 (full 0):
 garbage-first heap   total 91136K, used 56047K [0x00000000c4400000, 0x0000000100000000)
  region size 1024K, 3 young (3072K), 3 survivors (3072K)
 Metaspace       used 68586K, committed 68928K, reserved 1114112K
  class space    used 7850K, committed 8000K, reserved 1048576K
}
Event: 26.254 GC heap before
{Heap before GC invocations=40 (full 0):
 garbage-first heap   total 91136K, used 72431K [0x00000000c4400000, 0x0000000100000000)
  region size 1024K, 20 young (20480K), 3 survivors (3072K)
 Metaspace       used 72262K, committed 72640K, reserved 1114112K
  class space    used 8253K, committed 8448K, reserved 1048576K
}
Event: 26.265 GC heap after
{Heap after GC invocations=41 (full 0):
 garbage-first heap   total 91136K, used 57054K [0x00000000c4400000, 0x0000000100000000)
  region size 1024K, 1 young (1024K), 1 survivors (1024K)
 Metaspace       used 72262K, committed 72640K, reserved 1114112K
  class space    used 8253K, committed 8448K, reserved 1048576K
}
Event: 27.062 GC heap before
{Heap before GC invocations=42 (full 0):
 garbage-first heap   total 101376K, used 73438K [0x00000000c4400000, 0x0000000100000000)
  region size 1024K, 18 young (18432K), 1 survivors (1024K)
 Metaspace       used 75973K, committed 76288K, reserved 1179648K
  class space    used 8669K, committed 8832K, reserved 1048576K
}
Event: 27.081 GC heap after
{Heap after GC invocations=43 (full 0):
 garbage-first heap   total 101376K, used 58353K [0x00000000c4400000, 0x0000000100000000)
  region size 1024K, 3 young (3072K), 3 survivors (3072K)
 Metaspace       used 75973K, committed 76288K, reserved 1179648K
  class space    used 8669K, committed 8832K, reserved 1048576K
}
Event: 27.095 GC heap before
{Heap before GC invocations=43 (full 0):
 garbage-first heap   total 101376K, used 59377K [0x00000000c4400000, 0x0000000100000000)
  region size 1024K, 4 young (4096K), 3 survivors (3072K)
 Metaspace       used 75985K, committed 76288K, reserved 1179648K
  class space    used 8669K, committed 8832K, reserved 1048576K
}
Event: 27.103 GC heap after
{Heap after GC invocations=44 (full 0):
 garbage-first heap   total 101376K, used 58393K [0x00000000c4400000, 0x0000000100000000)
  region size 1024K, 1 young (1024K), 1 survivors (1024K)
 Metaspace       used 75985K, committed 76288K, reserved 1179648K
  class space    used 8669K, committed 8832K, reserved 1048576K
}
Event: 28.669 GC heap before
{Heap before GC invocations=44 (full 0):
 garbage-first heap   total 101376K, used 80921K [0x00000000c4400000, 0x0000000100000000)
  region size 1024K, 24 young (24576K), 1 survivors (1024K)
 Metaspace       used 79513K, committed 79936K, reserved 1179648K
  class space    used 8950K, committed 9152K, reserved 1048576K
}

