# JRE version: OpenJDK Runtime Environment (17.0.7) (build 17.0.7+0-b2043.56-10550314)
# Java VM: OpenJDK 64-Bit Server VM (17.0.7+0-b2043.56-10550314, mixed mode, tiered, compressed oops, compressed class ptrs, g1 gc, windows-amd64)
GC Precious Log:
 CPUs: 2 total, 2 available
 Memory: 3819M
 Large Page Support: Disabled
 NUMA Support: Disabled
 Compressed Oops: Enabled (32-bit)
 Heap Region Size: 1M
 Heap Min Capacity: 8M
 Heap Initial Capacity: 60M
 Heap Max Capacity: 2G
 Pre-touch: Disabled
 Parallel Workers: 2
 Concurrent Workers: 1
 Concurrent Refinement Workers: 2
 Periodic GC: Disabled
Heap:
 garbage-first heap   total 290816K, used 216142K [0x0000000080000000, 0x0000000100000000)
  region size 1024K, 5 young (5120K), 5 survivors (5120K)
 Metaspace       used 123573K, committed 124352K, reserved 1179648K
  class space    used 16726K, committed 17088K, reserved 1048576K
GC Heap History (20 events):
Event: 4402.038 GC heap after
{Heap after GC invocations=86 (full 1):
 garbage-first heap   total 189440K, used 106661K [0x0000000080000000, 0x0000000100000000)
  region size 1024K, 7 young (7168K), 7 survivors (7168K)
 Metaspace       used 116197K, committed 117056K, reserved 1179648K
  class space    used 15566K, committed 16000K, reserved 1048576K
}
Event: 4404.374 GC heap before
{Heap before GC invocations=86 (full 1):
 garbage-first heap   total 189440K, used 120997K [0x0000000080000000, 0x0000000100000000)
  region size 1024K, 22 young (22528K), 7 survivors (7168K)
 Metaspace       used 117181K, committed 118080K, reserved 1179648K
  class space    used 15678K, committed 16128K, reserved 1048576K
}
Event: 4404.428 GC heap after
{Heap after GC invocations=87 (full 1):
 garbage-first heap   total 189440K, used 107875K [0x0000000080000000, 0x0000000100000000)
  region size 1024K, 2 young (2048K), 2 survivors (2048K)
 Metaspace       used 117181K, committed 118080K, reserved 1179648K
  class space    used 15678K, committed 16128K, reserved 1048576K
}
Event: 4406.854 GC heap before
{Heap before GC invocations=87 (full 1):
 garbage-first heap   total 189440K, used 160099K [0x0000000080000000, 0x0000000100000000)
  region size 1024K, 48 young (49152K), 2 survivors (2048K)
 Metaspace       used 117787K, committed 118656K, reserved 1179648K
  class space    used 15747K, committed 16192K, reserved 1048576K
}
Event: 4406.873 GC heap after
{Heap after GC invocations=88 (full 1):
 garbage-first heap   total 189440K, used 116195K [0x0000000080000000, 0x0000000100000000)
  region size 1024K, 4 young (4096K), 4 survivors (4096K)
 Metaspace       used 117787K, committed 118656K, reserved 1179648K
  class space    used 15747K, committed 16192K, reserved 1048576K
}
Event: 4407.704 GC heap before
{Heap before GC invocations=88 (full 1):
 garbage-first heap   total 189440K, used 128483K [0x0000000080000000, 0x0000000100000000)
  region size 1024K, 9 young (9216K), 4 survivors (4096K)
 Metaspace       used 117791K, committed 118656K, reserved 1179648K
  class space    used 15747K, committed 16192K, reserved 1048576K
}
Event: 4407.728 GC heap after
{Heap after GC invocations=89 (full 1):
 garbage-first heap   total 189440K, used 128362K [0x0000000080000000, 0x0000000100000000)
  region size 1024K, 6 young (6144K), 6 survivors (6144K)
 Metaspace       used 117791K, committed 118656K, reserved 1179648K
  class space    used 15747K, committed 16192K, reserved 1048576K
}
Event: 4411.368 GC heap before
{Heap before GC invocations=90 (full 1):
 garbage-first heap   total 239616K, used 154986K [0x0000000080000000, 0x0000000100000000)
  region size 1024K, 26 young (26624K), 6 survivors (6144K)
 Metaspace       used 120206K, committed 120960K, reserved 1179648K
  class space    used 16088K, committed 16448K, reserved 1048576K
}
Event: 4411.401 GC heap after
{Heap after GC invocations=91 (full 1):
 garbage-first heap   total 239616K, used 136391K [0x0000000080000000, 0x0000000100000000)
  region size 1024K, 1 young (1024K), 1 survivors (1024K)
 Metaspace       used 120206K, committed 120960K, reserved 1179648K
  class space    used 16088K, committed 16448K, reserved 1048576K
}
Event: 4411.911 GC heap before
{Heap before GC invocations=91 (full 1):
 garbage-first heap   total 239616K, used 173255K [0x0000000080000000, 0x0000000100000000)
  region size 1024K, 11 young (11264K), 1 survivors (1024K)
 Metaspace       used 120662K, committed 121472K, reserved 1179648K
  class space    used 16160K, committed 16576K, reserved 1048576K
}
Event: 4411.925 GC heap after
{Heap after GC invocations=92 (full 1):
 garbage-first heap   total 239616K, used 148495K [0x0000000080000000, 0x0000000100000000)
  region size 1024K, 2 young (2048K), 2 survivors (2048K)
 Metaspace       used 120662K, committed 121472K, reserved 1179648K
  class space    used 16160K, committed 16576K, reserved 1048576K
}
Event: 4413.705 GC heap before
{Heap before GC invocations=92 (full 1):
 garbage-first heap   total 239616K, used 221199K [0x0000000080000000, 0x0000000100000000)
  region size 1024K, 41 young (41984K), 2 survivors (2048K)
 Metaspace       used 120971K, committed 121728K, reserved 1179648K
  class space    used 16204K, committed 16576K, reserved 1048576K
}
Event: 4413.771 GC heap after
{Heap after GC invocations=93 (full 1):
 garbage-first heap   total 290816K, used 173312K [0x0000000080000000, 0x0000000100000000)
  region size 1024K, 6 young (6144K), 6 survivors (6144K)
 Metaspace       used 120971K, committed 121728K, reserved 1179648K
  class space    used 16204K, committed 16576K, reserved 1048576K
}
Event: 4414.628 GC heap before
{Heap before GC invocations=93 (full 1):
 garbage-first heap   total 290816K, used 205056K [0x0000000080000000, 0x0000000100000000)
  region size 1024K, 35 young (35840K), 6 survivors (6144K)
 Metaspace       used 120973K, committed 121728K, reserved 1179648K
  class space    used 16204K, committed 16576K, reserved 1048576K
}
Event: 4414.733 GC heap after
{Heap after GC invocations=94 (full 1):
 garbage-first heap   total 290816K, used 185865K [0x0000000080000000, 0x0000000100000000)
  region size 1024K, 5 young (5120K), 5 survivors (5120K)
 Metaspace       used 120973K, committed 121728K, reserved 1179648K
  class space    used 16204K, committed 16576K, reserved 1048576K
}
Event: 4415.084 GC heap before
{Heap before GC invocations=94 (full 1):
 garbage-first heap   total 290816K, used 208393K [0x0000000080000000, 0x0000000100000000)
  region size 1024K, 25 young (25600K), 5 survivors (5120K)
 Metaspace       used 121418K, committed 122176K, reserved 1179648K
  class space    used 16268K, committed 16640K, reserved 1048576K
}
Event: 4415.141 GC heap after
{Heap after GC invocations=95 (full 1):
 garbage-first heap   total 290816K, used 195662K [0x0000000080000000, 0x0000000100000000)
  region size 1024K, 4 young (4096K), 4 survivors (4096K)
 Metaspace       used 121418K, committed 122176K, reserved 1179648K
  class space    used 16268K, committed 16640K, reserved 1048576K
}
Event: 4415.403 GC heap before
{Heap before GC invocations=95 (full 1):
 garbage-first heap   total 290816K, used 204878K [0x0000000080000000, 0x0000000100000000)
  region size 1024K, 14 young (14336K), 4 survivors (4096K)
 Metaspace       used 123259K, committed 123968K, reserved 1179648K
  class space    used 16710K, committed 17088K, reserved 1048576K
}
Event: 4415.424 GC heap after
{Heap after GC invocations=96 (full 1):
 garbage-first heap   total 290816K, used 196504K [0x0000000080000000, 0x0000000100000000)
  region size 1024K, 1 young (1024K), 1 survivors (1024K)
 Metaspace       used 123259K, committed 123968K, reserved 1179648K
  class space    used 16710K, committed 17088K, reserved 1048576K
}
Event: 4416.933 GC heap before
{Heap before GC invocations=96 (full 1):
 garbage-first heap   total 290816K, used 234392K [0x0000000080000000, 0x0000000100000000)
  region size 1024K, 38 young (38912K), 1 survivors (1024K)
 Metaspace       used 123573K, committed 124352K, reserved 1179648K
  class space    used 16726K, committed 17088K, reserved 1048576K
}

